
2024/01/15 (16:29:36) | ===> btop++ v.1.3.0
2024/01/15 (16:29:36) | WARNING: NVML: Failed to get GPU power usage: Not Supported

2024/01/16 (21:35:13) | ===> btop++ v.1.3.0
2024/01/16 (21:35:13) | WARNING: NVML: Failed to get GPU power usage: Not Supported

2024/02/19 (00:04:51) | ===> btop++ v.1.3.2
2024/02/19 (00:04:51) | WARNING: NVML: Failed to get GPU power usage: Not Supported

2024/02/20 (14:52:55) | ===> btop++ v.1.3.2
2024/02/20 (14:52:55) | WARNING: NVML: Failed to get GPU power usage: Not Supported

2024/02/20 (16:16:54) | ===> btop++ v.1.3.2
2024/02/20 (16:16:54) | WARNING: NVML: Failed to get GPU power usage: Not Supported

2024/02/20 (16:35:26) | ===> btop++ v.1.3.2
2024/02/20 (16:35:26) | WARNING: NVML: Failed to get GPU power usage: Not Supported

2024/02/27 (12:44:27) | ===> btop++ v.1.3.2
2024/02/27 (12:44:27) | WARNING: NVML: Failed to get GPU power usage: Not Supported

2024/02/28 (09:22:48) | ===> btop++ v.1.3.2
2024/02/28 (09:22:48) | WARNING: NVML: Failed to get GPU power usage: Not Supported

2024/03/20 (17:12:44) | ===> btop++ v.1.3.2
2024/03/20 (17:12:44) | WARNING: NVML: Failed to get GPU power usage: Not Supported

2024/03/20 (17:38:46) | ===> btop++ v.1.3.2
2024/03/20 (17:38:46) | WARNING: NVML: Failed to get GPU power usage: Not Supported

2024/04/09 (23:10:34) | ===> btop++ v.1.3.2
2024/04/09 (23:10:34) | WARNING: NVML: Failed to get GPU power usage: Not Supported

2024/04/14 (18:34:16) | ===> btop++ v.1.3.2
2024/04/14 (18:34:16) | WARNING: NVML: Failed to get GPU power usage: Not Supported

2024/04/17 (16:41:19) | ===> btop++ v.1.3.2
2024/04/17 (16:41:19) | WARNING: NVML: Failed to get GPU power usage: Not Supported

2024/04/21 (18:51:31) | ===> btop++ v.1.3.2
2024/04/21 (18:51:31) | WARNING: NVML: Failed to get GPU power usage: Not Supported

2024/04/23 (17:59:04) | ===> btop++ v.1.3.2
2024/04/23 (17:59:04) | WARNING: NVML: Failed to get GPU power usage: Not Supported

2024/04/25 (16:28:08) | ===> btop++ v.1.3.2
2024/04/25 (16:28:08) | WARNING: NVML: Failed to get GPU power usage: Not Supported

2024/04/29 (15:13:26) | ===> btop++ v.1.3.2
2024/04/29 (15:13:26) | WARNING: NVML: Failed to get GPU power usage: Not Supported

2024/05/01 (11:07:12) | ===> btop++ v.1.3.2
2024/05/01 (11:07:12) | WARNING: NVML: Failed to get GPU power usage: Not Supported

2024/05/01 (19:21:42) | ===> btop++ v.1.3.2
2024/05/01 (19:21:42) | WARNING: NVML: Failed to get GPU power usage: Not Supported

2024/05/02 (13:57:07) | ===> btop++ v.1.3.2
2024/05/02 (13:57:07) | WARNING: NVML: Failed to get GPU power usage: Not Supported

2024/05/02 (14:09:16) | ===> btop++ v.1.3.2
2024/05/02 (14:09:16) | WARNING: NVML: Failed to get GPU power usage: Not Supported

2024/05/02 (14:12:26) | ===> btop++ v.1.3.2
2024/05/02 (14:12:26) | WARNING: NVML: Failed to get GPU power usage: Not Supported

2024/05/02 (17:29:21) | ===> btop++ v.1.3.2
2024/05/02 (17:29:21) | WARNING: NVML: Failed to get GPU power usage: Not Supported

2024/05/02 (17:32:19) | ===> btop++ v.1.3.2
2024/05/02 (17:32:19) | WARNING: NVML: Failed to get GPU power usage: Not Supported

2024/05/02 (17:34:26) | ===> btop++ v.1.3.2
2024/05/02 (17:34:26) | WARNING: NVML: Failed to get GPU power usage: Not Supported

2024/05/02 (17:51:30) | ===> btop++ v.1.3.2
2024/05/02 (17:51:30) | WARNING: NVML: Failed to get GPU power usage: Not Supported

2024/05/02 (18:10:01) | ===> btop++ v.1.3.2
2024/05/02 (18:10:01) | WARNING: NVML: Failed to get GPU power usage: Not Supported

2024/05/02 (18:10:09) | ===> btop++ v.1.3.2
2024/05/02 (18:10:09) | WARNING: NVML: Failed to get GPU power usage: Not Supported

2024/05/02 (18:10:19) | ===> btop++ v.1.3.2
2024/05/02 (18:10:19) | WARNING: NVML: Failed to get GPU power usage: Not Supported

2024/05/02 (18:11:09) | ===> btop++ v.1.3.2
2024/05/02 (18:11:09) | WARNING: NVML: Failed to get GPU power usage: Not Supported

2024/05/02 (18:57:01) | ===> btop++ v.1.3.2
2024/05/02 (18:57:01) | WARNING: NVML: Failed to get GPU power usage: Not Supported

2024/05/02 (21:25:12) | ===> btop++ v.1.3.2
2024/05/02 (21:25:12) | WARNING: NVML: Failed to get GPU power usage: Not Supported

2024/05/03 (12:24:02) | ===> btop++ v.1.3.2
2024/05/03 (12:24:02) | WARNING: NVML: Failed to get GPU power usage: Not Supported

2024/05/03 (21:35:03) | ===> btop++ v.1.3.2
2024/05/03 (21:35:03) | WARNING: NVML: Failed to get GPU power usage: Not Supported

2024/05/04 (17:25:25) | ===> btop++ v.1.3.2
2024/05/04 (17:25:25) | WARNING: NVML: Failed to get GPU power usage: Not Supported

2024/05/06 (20:53:37) | ===> btop++ v.1.3.2
2024/05/06 (20:53:37) | WARNING: NVML: Failed to get GPU power usage: Not Supported

2024/05/06 (20:54:26) | ===> btop++ v.1.3.2
2024/05/06 (20:54:26) | WARNING: NVML: Failed to get GPU power usage: Not Supported

2024/05/06 (21:00:44) | ===> btop++ v.1.3.2
2024/05/06 (21:00:44) | WARNING: NVML: Failed to get GPU power usage: Not Supported

2024/05/07 (11:04:36) | ===> btop++ v.1.3.2
2024/05/07 (11:04:36) | WARNING: NVML: Failed to get GPU power usage: Not Supported

2024/05/07 (12:17:09) | ===> btop++ v.1.3.2
2024/05/07 (12:17:09) | WARNING: NVML: Failed to get GPU power usage: Not Supported

2024/05/07 (15:22:57) | ===> btop++ v.1.3.2
2024/05/07 (15:22:57) | WARNING: NVML: Failed to get GPU power usage: Not Supported

2024/05/07 (17:37:43) | ===> btop++ v.1.3.2
2024/05/07 (17:37:43) | WARNING: NVML: Failed to get GPU power usage: Not Supported

2024/05/08 (12:52:27) | ===> btop++ v.1.3.2
2024/05/08 (12:52:27) | WARNING: NVML: Failed to get GPU power usage: Not Supported

2024/05/10 (14:52:33) | ===> btop++ v.1.3.2
2024/05/10 (14:52:33) | WARNING: NVML: Failed to get GPU power usage: Not Supported

2024/05/10 (14:59:03) | ===> btop++ v.1.3.2
2024/05/10 (14:59:03) | WARNING: NVML: Failed to get GPU power usage: Not Supported

2024/05/11 (17:55:17) | ===> btop++ v.1.3.2
2024/05/11 (17:55:17) | WARNING: NVML: Failed to get GPU power usage: Not Supported

2024/05/11 (18:06:21) | ===> btop++ v.1.3.2
2024/05/11 (18:06:21) | WARNING: NVML: Failed to get GPU power usage: Not Supported

2024/05/11 (18:08:35) | ===> btop++ v.1.3.2
2024/05/11 (18:08:35) | WARNING: NVML: Failed to get GPU power usage: Not Supported

2024/05/11 (18:11:50) | ===> btop++ v.1.3.2
2024/05/11 (18:11:50) | WARNING: NVML: Failed to get GPU power usage: Not Supported

2024/05/11 (18:52:39) | ===> btop++ v.1.3.2
2024/05/11 (18:52:39) | WARNING: NVML: Failed to get GPU power usage: Not Supported

2024/05/12 (13:38:24) | ===> btop++ v.1.3.2
2024/05/12 (13:38:24) | WARNING: NVML: Failed to get GPU power usage: Not Supported

2024/05/13 (22:53:55) | ===> btop++ v.1.3.2
2024/05/13 (22:53:55) | WARNING: NVML: Failed to get GPU power usage: Not Supported

2024/05/28 (09:02:43) | ===> btop++ v.1.3.2
2024/05/28 (09:02:43) | WARNING: NVML: Failed to get GPU power usage: Not Supported

2024/05/29 (14:22:56) | ===> btop++ v.1.3.2
2024/05/29 (14:22:56) | WARNING: NVML: Failed to get GPU power usage: Not Supported

2024/05/29 (14:30:21) | ===> btop++ v.1.3.2
2024/05/29 (14:30:21) | WARNING: NVML: Failed to get GPU power usage: Not Supported

2024/06/04 (22:27:27) | ===> btop++ v.1.3.2
2024/06/04 (22:27:27) | WARNING: NVML: Failed to get GPU power usage: Not Supported

2024/06/27 (18:04:47) | ===> btop++ v.1.3.2
2024/06/27 (18:04:47) | WARNING: NVML: Failed to get GPU power usage: Not Supported

2024/07/12 (17:38:26) | ===> btop++ v.1.3.2
2024/07/12 (17:38:26) | WARNING: NVML: Failed to get GPU power usage: Not Supported

2024/07/17 (18:41:03) | ===> btop++ v.1.3.2
2024/07/17 (18:41:03) | WARNING: NVML: Failed to get GPU power usage: Not Supported

2024/07/18 (13:51:21) | ===> btop++ v.1.3.2
2024/07/18 (13:51:21) | WARNING: NVML: Failed to get GPU power usage: Not Supported

2024/07/19 (16:27:50) | ===> btop++ v.1.3.2
2024/07/19 (16:27:50) | WARNING: NVML: Failed to get GPU power usage: Not Supported

2024/07/20 (11:15:02) | ===> btop++ v.1.3.2
2024/07/20 (11:15:02) | WARNING: NVML: Failed to get GPU power usage: Not Supported

2024/07/21 (12:44:55) | ===> btop++ v.1.3.2
2024/07/21 (12:44:55) | WARNING: NVML: Failed to get GPU power usage: Not Supported

2024/07/26 (13:14:55) | ===> btop++ v.1.3.2
2024/07/26 (13:14:55) | WARNING: NVML: Failed to get GPU power usage: Not Supported

2024/07/27 (17:52:15) | ===> btop++ v.1.3.2
2024/07/27 (17:52:15) | WARNING: NVML: Failed to get GPU power usage: Not Supported

2024/07/27 (17:53:17) | ===> btop++ v.1.3.2
2024/07/27 (17:53:17) | WARNING: NVML: Failed to get GPU power usage: Not Supported

2024/07/27 (18:06:38) | ===> btop++ v.1.3.2
2024/07/27 (18:06:38) | WARNING: NVML: Failed to get GPU power usage: Not Supported

2024/07/27 (18:06:46) | ===> btop++ v.1.3.2
2024/07/27 (18:06:46) | WARNING: NVML: Failed to get GPU power usage: Not Supported

2024/07/27 (18:07:27) | ===> btop++ v.1.3.2
2024/07/27 (18:07:27) | WARNING: NVML: Failed to get GPU power usage: Not Supported

2024/07/27 (18:08:25) | ===> btop++ v.1.3.2
2024/07/27 (18:08:25) | WARNING: NVML: Failed to get GPU power usage: Not Supported

2024/07/27 (18:21:50) | ===> btop++ v.1.3.2
2024/07/27 (18:21:50) | WARNING: NVML: Failed to get GPU power usage: Not Supported

2024/07/27 (20:34:59) | ===> btop++ v.1.3.2
2024/07/27 (20:34:59) | WARNING: NVML: Failed to get GPU power usage: Not Supported

2024/07/27 (20:44:19) | ===> btop++ v.1.3.2
2024/07/27 (20:44:19) | WARNING: NVML: Failed to get GPU power usage: Not Supported

2024/07/29 (12:23:22) | ===> btop++ v.1.3.2
2024/07/29 (12:23:22) | WARNING: NVML: Failed to get GPU power usage: Not Supported

2024/07/29 (22:47:51) | ===> btop++ v.1.3.2
2024/07/29 (22:47:51) | WARNING: NVML: Failed to get GPU power usage: Not Supported

2024/07/30 (14:27:11) | ===> btop++ v.1.3.2
2024/07/30 (14:27:11) | WARNING: NVML: Failed to get GPU power usage: Not Supported

2024/07/30 (14:27:20) | ===> btop++ v.1.3.2
2024/07/30 (14:27:20) | WARNING: NVML: Failed to get GPU power usage: Not Supported

2024/07/30 (14:27:29) | ===> btop++ v.1.3.2
2024/07/30 (14:27:29) | WARNING: NVML: Failed to get GPU power usage: Not Supported

2024/07/31 (11:50:04) | ===> btop++ v.1.3.2
2024/07/31 (11:50:04) | WARNING: NVML: Failed to get GPU power usage: Not Supported

2024/07/31 (18:37:29) | ===> btop++ v.1.3.2
2024/07/31 (18:37:29) | WARNING: NVML: Failed to get GPU power usage: Not Supported

2024/07/31 (18:45:53) | ===> btop++ v.1.3.2
2024/07/31 (18:45:53) | WARNING: NVML: Failed to get GPU power usage: Not Supported

2024/07/31 (19:00:22) | ===> btop++ v.1.3.2
2024/07/31 (19:00:22) | WARNING: NVML: Failed to get GPU power usage: Not Supported

2024/08/01 (16:17:12) | ===> btop++ v.1.3.2
2024/08/01 (16:17:12) | WARNING: NVML: Failed to get GPU power usage: Not Supported

2024/08/01 (22:48:16) | ===> btop++ v.1.3.2
2024/08/01 (22:48:16) | WARNING: NVML: Failed to get GPU power usage: Not Supported

2024/08/01 (23:43:31) | ===> btop++ v.1.3.2
2024/08/01 (23:43:31) | WARNING: NVML: Failed to get GPU power usage: Not Supported

2024/08/04 (11:25:55) | ===> btop++ v.1.3.2
2024/08/04 (11:25:55) | WARNING: NVML: Failed to get GPU power usage: Not Supported

2024/08/04 (11:29:58) | ===> btop++ v.1.3.2
2024/08/04 (11:29:58) | WARNING: NVML: Failed to get GPU power usage: Not Supported

2024/08/04 (12:34:47) | ===> btop++ v.1.3.2
2024/08/04 (12:34:47) | WARNING: NVML: Failed to get GPU power usage: Not Supported

2024/08/04 (12:35:16) | ===> btop++ v.1.3.2
2024/08/04 (12:35:16) | WARNING: NVML: Failed to get GPU power usage: Not Supported

2024/08/04 (12:41:32) | ===> btop++ v.1.3.2
2024/08/04 (12:41:32) | WARNING: NVML: Failed to get GPU power usage: Not Supported

2024/08/04 (12:42:11) | ===> btop++ v.1.3.2
2024/08/04 (12:42:11) | WARNING: NVML: Failed to get GPU power usage: Not Supported

2024/08/04 (12:42:47) | ===> btop++ v.1.3.2
2024/08/04 (12:42:47) | WARNING: NVML: Failed to get GPU power usage: Not Supported

2024/08/06 (23:17:21) | ===> btop++ v.1.3.2
2024/08/06 (23:17:21) | WARNING: NVML: Failed to get GPU power usage: Not Supported

2024/08/06 (23:45:31) | ===> btop++ v.1.3.2
2024/08/06 (23:45:31) | WARNING: NVML: Failed to get GPU power usage: Not Supported

2024/08/07 (15:10:25) | ===> btop++ v.1.3.2
2024/08/07 (15:10:25) | WARNING: NVML: Failed to get GPU power usage: Not Supported

2024/08/11 (21:46:12) | ===> btop++ v.1.3.2
2024/08/11 (21:46:12) | WARNING: NVML: Failed to get GPU power usage: Not Supported

2024/09/03 (10:44:55) | ===> btop++ v.1.3.2
2024/09/03 (10:44:55) | WARNING: NVML: Failed to get GPU power usage: Not Supported

2024/09/04 (12:21:37) | ===> btop++ v.1.3.2
2024/09/04 (12:21:37) | WARNING: NVML: Failed to get GPU power usage: Not Supported

2024/09/04 (12:22:08) | ===> btop++ v.1.3.2
2024/09/04 (12:22:08) | WARNING: NVML: Failed to get GPU power usage: Not Supported

2024/09/04 (12:39:35) | ===> btop++ v.1.3.2
2024/09/04 (12:39:35) | WARNING: NVML: Failed to get GPU power usage: Not Supported

2024/09/04 (12:40:24) | ===> btop++ v.1.3.2
2024/09/04 (12:40:24) | WARNING: NVML: Failed to get GPU power usage: Not Supported

2024/09/04 (12:45:11) | ===> btop++ v.1.3.2
2024/09/04 (12:45:11) | WARNING: NVML: Failed to get GPU power usage: Not Supported

2024/09/09 (10:53:57) | ===> btop++ v.1.3.2
2024/09/09 (10:53:57) | ERROR: No tty detected!
btop++ needs an interactive shell to run.

2024/09/09 (10:54:03) | ===> btop++ v.1.3.2
2024/09/09 (10:54:03) | WARNING: NVML: Failed to get GPU power usage: Not Supported

2024/09/09 (10:55:21) | ===> btop++ v.1.3.2
2024/09/09 (10:55:21) | WARNING: NVML: Failed to get GPU power usage: Not Supported

2024/09/09 (17:32:38) | ===> btop++ v.1.3.2
2024/09/09 (17:32:38) | WARNING: NVML: Failed to get GPU power usage: Not Supported

2024/09/09 (17:32:42) | ===> btop++ v.1.3.2
2024/09/09 (17:32:42) | WARNING: NVML: Failed to get GPU power usage: Not Supported

2024/09/12 (16:09:29) | ===> btop++ v.1.3.2
2024/09/12 (16:09:29) | WARNING: NVML: Failed to get GPU power usage: Not Supported

2024/09/13 (19:39:16) | ===> btop++ v.1.3.2
2024/09/13 (19:39:16) | WARNING: NVML: Failed to get GPU power usage: Not Supported

2024/09/16 (15:32:07) | ===> btop++ v.1.3.2
2024/09/16 (15:32:07) | WARNING: NVML: Failed to get GPU power usage: Not Supported

2024/09/17 (13:54:36) | ===> btop++ v.1.3.2
2024/09/17 (13:54:36) | WARNING: NVML: Failed to get GPU power usage: Not Supported

2024/09/17 (15:18:22) | ===> btop++ v.1.3.2
2024/09/17 (15:18:22) | WARNING: NVML: Failed to get GPU power usage: Not Supported

2024/09/18 (11:15:15) | ===> btop++ v.1.3.2
2024/09/18 (11:15:15) | WARNING: NVML: Failed to get GPU power usage: Not Supported

2024/09/18 (11:50:16) | ===> btop++ v.1.3.2
2024/09/18 (11:50:16) | WARNING: NVML: Failed to get GPU power usage: Not Supported

2024/09/18 (16:22:47) | ===> btop++ v.1.3.2
2024/09/18 (16:22:47) | WARNING: NVML: Failed to get GPU power usage: Not Supported

2024/09/19 (10:33:53) | ===> btop++ v.1.3.2
2024/09/19 (10:33:53) | WARNING: NVML: Failed to get GPU power usage: Not Supported

2024/09/19 (11:46:58) | ===> btop++ v.1.3.2
2024/09/19 (11:46:58) | WARNING: NVML: Failed to get GPU power usage: Not Supported

2024/09/19 (16:03:12) | ===> btop++ v.1.3.2
2024/09/19 (16:03:12) | WARNING: NVML: Failed to get GPU power usage: Not Supported

2024/09/19 (16:04:11) | ===> btop++ v.1.3.2
2024/09/19 (16:04:11) | WARNING: NVML: Failed to get GPU power usage: Not Supported

2024/09/19 (16:18:46) | ===> btop++ v.1.3.2
2024/09/19 (16:18:46) | WARNING: NVML: Failed to get GPU power usage: Not Supported

2024/09/23 (14:00:22) | ===> btop++ v.1.4.0
2024/09/23 (14:00:22) | WARNING: NVML: Failed to get GPU power usage: Not Supported

2024/09/24 (08:57:35) | ===> btop++ v.1.4.0
2024/09/24 (08:57:35) | WARNING: NVML: Failed to get GPU power usage: Not Supported

2024/09/24 (09:15:49) | ===> btop++ v.1.4.0
2024/09/24 (09:15:49) | WARNING: NVML: Failed to get GPU power usage: Not Supported

2024/09/24 (09:15:52) | ===> btop++ v.1.4.0
2024/09/24 (09:15:52) | WARNING: NVML: Failed to get GPU power usage: Not Supported

2024/09/24 (09:21:07) | ===> btop++ v.1.4.0
2024/09/24 (09:21:07) | WARNING: NVML: Failed to get GPU power usage: Not Supported

2024/09/24 (09:25:47) | ===> btop++ v.1.4.0
2024/09/24 (09:25:47) | WARNING: NVML: Failed to get GPU power usage: Not Supported

2024/09/24 (09:28:16) | ===> btop++ v.1.4.0
2024/09/24 (09:28:16) | WARNING: NVML: Failed to get GPU power usage: Not Supported

2024/09/24 (09:29:59) | ===> btop++ v.1.4.0
2024/09/24 (09:29:59) | WARNING: NVML: Failed to get GPU power usage: Not Supported

2024/09/25 (11:18:28) | ===> btop++ v.1.4.0
2024/09/25 (11:18:28) | WARNING: NVML: Failed to get GPU power usage: Not Supported

2024/09/25 (21:17:01) | ===> btop++ v.1.4.0
2024/09/25 (21:17:01) | WARNING: NVML: Failed to get GPU power usage: Not Supported

2024/09/25 (21:23:40) | ===> btop++ v.1.4.0
2024/09/25 (21:23:40) | WARNING: NVML: Failed to get GPU power usage: Not Supported

2024/09/26 (12:59:04) | ===> btop++ v.1.4.0
2024/09/26 (12:59:04) | WARNING: NVML: Failed to get GPU power usage: Not Supported

2024/09/27 (13:49:23) | ===> btop++ v.1.4.0
2024/09/27 (13:49:23) | WARNING: NVML: Failed to get GPU power usage: Not Supported

2024/09/27 (13:50:42) | ===> btop++ v.1.4.0
2024/09/27 (13:50:42) | WARNING: NVML: Failed to get GPU power usage: Not Supported

2024/10/11 (10:47:35) | ===> btop++ v.1.4.0
2024/10/11 (10:47:35) | WARNING: NVML: Failed to get GPU power usage: Not Supported

2024/10/22 (10:57:36) | ===> btop++ v.1.4.0
2024/10/22 (10:57:36) | WARNING: NVML: Failed to get GPU power usage: Not Supported

2024/10/23 (13:32:49) | ===> btop++ v.1.4.0
2024/10/23 (13:32:49) | WARNING: NVML: Failed to get GPU power usage: Not Supported

2024/10/25 (14:24:33) | ===> btop++ v.1.4.0
2024/10/25 (14:24:33) | WARNING: NVML: Failed to get GPU power usage: Not Supported

2024/10/30 (13:23:34) | ===> btop++ v.1.4.0
2024/10/30 (13:23:34) | WARNING: NVML: Failed to get GPU power usage: Not Supported

2024/10/30 (13:27:31) | ===> btop++ v.1.4.0
2024/10/30 (13:27:31) | WARNING: NVML: Failed to get GPU power usage: Not Supported

2024/11/01 (12:25:13) | ===> btop++ v.1.4.0
2024/11/01 (12:25:13) | WARNING: NVML: Failed to get GPU power usage: Not Supported

2024/11/01 (19:58:25) | ===> btop++ v.1.4.0
2024/11/01 (19:58:25) | WARNING: NVML: Failed to get GPU power usage: Not Supported

2024/11/01 (20:02:26) | ===> btop++ v.1.4.0
2024/11/01 (20:02:26) | WARNING: NVML: Failed to get GPU power usage: Not Supported

2024/11/01 (20:03:05) | ===> btop++ v.1.4.0
2024/11/01 (20:03:05) | WARNING: NVML: Failed to get GPU power usage: Not Supported

2024/11/03 (11:23:18) | ===> btop++ v.1.4.0
2024/11/03 (11:23:18) | WARNING: NVML: Failed to get GPU power usage: Not Supported

2024/11/05 (19:59:11) | ===> btop++ v.1.4.0
2024/11/05 (19:59:11) | WARNING: NVML: Failed to get GPU power usage: Not Supported

2024/11/11 (20:57:33) | ===> btop++ v.1.4.0
2024/11/11 (20:57:33) | WARNING: NVML: Failed to get GPU power usage: Not Supported

2024/11/11 (21:17:41) | ===> btop++ v.1.4.0
2024/11/11 (21:17:41) | WARNING: NVML: Failed to get GPU power usage: Not Supported

2024/11/12 (17:30:59) | ===> btop++ v.1.4.0
2024/11/12 (17:30:59) | WARNING: NVML: Failed to get GPU power usage: Not Supported

2024/11/13 (11:16:39) | ===> btop++ v.1.4.0
2024/11/13 (11:16:39) | WARNING: NVML: Failed to get GPU power usage: Not Supported

2024/11/15 (09:07:11) | ===> btop++ v.1.4.0
2024/11/15 (09:07:11) | WARNING: NVML: Failed to get GPU power usage: Not Supported

2024/11/20 (11:53:26) | ===> btop++ v.1.4.0
2024/11/20 (11:53:26) | WARNING: NVML: Failed to get GPU power usage: Not Supported

2024/12/01 (15:47:35) | ===> btop++ v.1.4.0
2024/12/01 (15:47:35) | WARNING: NVML: Failed to get GPU power usage: Not Supported

2024/12/01 (15:55:00) | ===> btop++ v.1.4.0
2024/12/01 (15:55:00) | WARNING: NVML: Failed to get GPU power usage: Not Supported

2024/12/01 (16:37:07) | ===> btop++ v.1.4.0
2024/12/01 (16:37:07) | WARNING: NVML: Failed to get GPU power usage: Not Supported

2024/12/02 (11:01:24) | ===> btop++ v.1.4.0
2024/12/02 (11:01:24) | WARNING: NVML: Failed to get GPU power usage: Not Supported

2024/12/05 (11:43:17) | ===> btop++ v.1.4.0
2024/12/05 (11:43:17) | WARNING: NVML: Failed to get GPU power usage: Not Supported

2024/12/12 (12:05:15) | ===> btop++ v.1.4.0
2024/12/12 (12:05:15) | WARNING: NVML: Failed to get GPU power usage: Not Supported

2024/12/12 (16:00:26) | ===> btop++ v.1.4.0
2024/12/12 (16:00:26) | WARNING: NVML: Failed to get GPU power usage: Not Supported

2024/12/14 (13:43:05) | ===> btop++ v.1.4.0
2024/12/14 (13:43:05) | WARNING: NVML: Failed to get GPU power usage: Not Supported

2024/12/14 (13:57:40) | ===> btop++ v.1.4.0
2024/12/14 (13:57:40) | WARNING: NVML: Failed to get GPU power usage: Not Supported

2024/12/14 (13:58:21) | ===> btop++ v.1.4.0
2024/12/14 (13:58:21) | WARNING: NVML: Failed to get GPU power usage: Not Supported

2024/12/14 (14:01:06) | ===> btop++ v.1.4.0
2024/12/14 (14:01:06) | ERROR: Couldn't determine terminal size of "STDOUT_FILENO"!
2024/12/14 (14:01:06) | ERROR: Couldn't determine terminal size of "STDOUT_FILENO"!
2024/12/14 (14:01:06) | WARNING: NVML: Failed to get GPU power usage: Not Supported
2024/12/14 (14:01:06) | ERROR: Couldn't determine terminal size of "STDOUT_FILENO"!
2024/12/14 (14:01:08) | ERROR: Couldn't determine terminal size of "STDOUT_FILENO"!
2024/12/14 (14:01:09) | ERROR: Couldn't determine terminal size of "STDOUT_FILENO"!
2024/12/14 (14:01:10) | ERROR: Couldn't determine terminal size of "STDOUT_FILENO"!
2024/12/14 (14:01:11) | ERROR: Couldn't determine terminal size of "STDOUT_FILENO"!
2024/12/14 (14:01:12) | ERROR: Couldn't determine terminal size of "STDOUT_FILENO"!
2024/12/14 (14:01:13) | ERROR: Couldn't determine terminal size of "STDOUT_FILENO"!
2024/12/14 (14:01:14) | ERROR: Couldn't determine terminal size of "STDOUT_FILENO"!
2024/12/14 (14:01:15) | ERROR: Couldn't determine terminal size of "STDOUT_FILENO"!
2024/12/14 (14:01:16) | ERROR: Couldn't determine terminal size of "STDOUT_FILENO"!
2024/12/14 (14:01:17) | ERROR: Couldn't determine terminal size of "STDOUT_FILENO"!
2024/12/14 (14:01:18) | ERROR: Couldn't determine terminal size of "STDOUT_FILENO"!
2024/12/14 (14:01:19) | ERROR: Couldn't determine terminal size of "STDOUT_FILENO"!
2024/12/14 (14:01:20) | ERROR: Couldn't determine terminal size of "STDOUT_FILENO"!
2024/12/14 (14:01:21) | ERROR: Couldn't determine terminal size of "STDOUT_FILENO"!
2024/12/14 (14:01:22) | ERROR: Couldn't determine terminal size of "STDOUT_FILENO"!
2024/12/14 (14:01:23) | ERROR: Couldn't determine terminal size of "STDOUT_FILENO"!
2024/12/14 (14:01:24) | ERROR: Couldn't determine terminal size of "STDOUT_FILENO"!
2024/12/14 (14:01:25) | ERROR: Couldn't determine terminal size of "STDOUT_FILENO"!
2024/12/14 (14:01:26) | ERROR: Couldn't determine terminal size of "STDOUT_FILENO"!
2024/12/14 (14:01:27) | ERROR: Couldn't determine terminal size of "STDOUT_FILENO"!
2024/12/14 (14:01:28) | ERROR: Couldn't determine terminal size of "STDOUT_FILENO"!
2024/12/14 (14:01:29) | ERROR: Couldn't determine terminal size of "STDOUT_FILENO"!
2024/12/14 (14:01:30) | ERROR: Couldn't determine terminal size of "STDOUT_FILENO"!
2024/12/14 (14:01:31) | ERROR: Couldn't determine terminal size of "STDOUT_FILENO"!
2024/12/14 (14:01:32) | ERROR: Couldn't determine terminal size of "STDOUT_FILENO"!
2024/12/14 (14:01:33) | ERROR: Couldn't determine terminal size of "STDOUT_FILENO"!
2024/12/14 (14:01:34) | ERROR: Couldn't determine terminal size of "STDOUT_FILENO"!
2024/12/14 (14:01:35) | ERROR: Couldn't determine terminal size of "STDOUT_FILENO"!
2024/12/14 (14:01:36) | ERROR: Couldn't determine terminal size of "STDOUT_FILENO"!
2024/12/14 (14:01:37) | ERROR: Couldn't determine terminal size of "STDOUT_FILENO"!
2024/12/14 (14:01:38) | ERROR: Couldn't determine terminal size of "STDOUT_FILENO"!
2024/12/14 (14:01:39) | ERROR: Couldn't determine terminal size of "STDOUT_FILENO"!
2024/12/14 (14:01:40) | ERROR: Couldn't determine terminal size of "STDOUT_FILENO"!
2024/12/14 (14:01:41) | ERROR: Couldn't determine terminal size of "STDOUT_FILENO"!
2024/12/14 (14:01:42) | ERROR: Couldn't determine terminal size of "STDOUT_FILENO"!
2024/12/14 (14:01:43) | ERROR: Couldn't determine terminal size of "STDOUT_FILENO"!
2024/12/14 (14:01:44) | ERROR: Couldn't determine terminal size of "STDOUT_FILENO"!
2024/12/14 (14:01:45) | ERROR: Couldn't determine terminal size of "STDOUT_FILENO"!
2024/12/14 (14:01:46) | ERROR: Couldn't determine terminal size of "STDOUT_FILENO"!
2024/12/14 (14:01:47) | ERROR: Couldn't determine terminal size of "STDOUT_FILENO"!
2024/12/14 (14:01:48) | ERROR: Couldn't determine terminal size of "STDOUT_FILENO"!
2024/12/14 (14:01:49) | ERROR: Couldn't determine terminal size of "STDOUT_FILENO"!
2024/12/14 (14:01:50) | ERROR: Couldn't determine terminal size of "STDOUT_FILENO"!
2024/12/14 (14:01:51) | ERROR: Couldn't determine terminal size of "STDOUT_FILENO"!
2024/12/14 (14:01:52) | ERROR: Couldn't determine terminal size of "STDOUT_FILENO"!
2024/12/14 (14:01:53) | ERROR: Couldn't determine terminal size of "STDOUT_FILENO"!
2024/12/14 (14:01:54) | ERROR: Couldn't determine terminal size of "STDOUT_FILENO"!
2024/12/14 (14:01:55) | ERROR: Couldn't determine terminal size of "STDOUT_FILENO"!
2024/12/14 (14:01:56) | ERROR: Couldn't determine terminal size of "STDOUT_FILENO"!
2024/12/14 (14:01:57) | ERROR: Couldn't determine terminal size of "STDOUT_FILENO"!
2024/12/14 (14:01:58) | ERROR: Couldn't determine terminal size of "STDOUT_FILENO"!
2024/12/14 (14:01:59) | ERROR: Couldn't determine terminal size of "STDOUT_FILENO"!
2024/12/14 (14:02:00) | ERROR: Couldn't determine terminal size of "STDOUT_FILENO"!
2024/12/14 (14:02:01) | ERROR: Couldn't determine terminal size of "STDOUT_FILENO"!
2024/12/14 (14:02:02) | ERROR: Couldn't determine terminal size of "STDOUT_FILENO"!
2024/12/14 (14:02:03) | ERROR: Couldn't determine terminal size of "STDOUT_FILENO"!
2024/12/14 (14:02:04) | ERROR: Couldn't determine terminal size of "STDOUT_FILENO"!
2024/12/14 (14:02:05) | ERROR: Couldn't determine terminal size of "STDOUT_FILENO"!
2024/12/14 (14:02:06) | ERROR: Couldn't determine terminal size of "STDOUT_FILENO"!
2024/12/14 (14:02:07) | ERROR: Couldn't determine terminal size of "STDOUT_FILENO"!
2024/12/14 (14:02:08) | ERROR: Couldn't determine terminal size of "STDOUT_FILENO"!
2024/12/14 (14:02:09) | ERROR: Couldn't determine terminal size of "STDOUT_FILENO"!
2024/12/14 (14:02:10) | ERROR: Couldn't determine terminal size of "STDOUT_FILENO"!
2024/12/14 (14:02:11) | ERROR: Couldn't determine terminal size of "STDOUT_FILENO"!
2024/12/14 (14:02:12) | ERROR: Couldn't determine terminal size of "STDOUT_FILENO"!
2024/12/14 (14:02:13) | ERROR: Couldn't determine terminal size of "STDOUT_FILENO"!
2024/12/14 (14:02:14) | ERROR: Couldn't determine terminal size of "STDOUT_FILENO"!
2024/12/14 (14:02:15) | ERROR: Couldn't determine terminal size of "STDOUT_FILENO"!
2024/12/14 (14:02:16) | ERROR: Couldn't determine terminal size of "STDOUT_FILENO"!
2024/12/14 (14:02:17) | ERROR: Couldn't determine terminal size of "STDOUT_FILENO"!
2024/12/14 (14:02:18) | ERROR: Couldn't determine terminal size of "STDOUT_FILENO"!
2024/12/14 (14:02:19) | ERROR: Couldn't determine terminal size of "STDOUT_FILENO"!
2024/12/14 (14:02:20) | ERROR: Couldn't determine terminal size of "STDOUT_FILENO"!
2024/12/14 (14:02:21) | ERROR: Couldn't determine terminal size of "STDOUT_FILENO"!
2024/12/14 (14:02:22) | ERROR: Couldn't determine terminal size of "STDOUT_FILENO"!
2024/12/14 (14:02:23) | ERROR: Couldn't determine terminal size of "STDOUT_FILENO"!
2024/12/14 (14:02:24) | ERROR: Couldn't determine terminal size of "STDOUT_FILENO"!
2024/12/14 (14:02:25) | ERROR: Couldn't determine terminal size of "STDOUT_FILENO"!
2024/12/14 (14:02:26) | ERROR: Couldn't determine terminal size of "STDOUT_FILENO"!
2024/12/14 (14:02:27) | ERROR: Couldn't determine terminal size of "STDOUT_FILENO"!
2024/12/14 (14:02:28) | ERROR: Couldn't determine terminal size of "STDOUT_FILENO"!
2024/12/14 (14:02:29) | ERROR: Couldn't determine terminal size of "STDOUT_FILENO"!
2024/12/14 (14:02:30) | ERROR: Couldn't determine terminal size of "STDOUT_FILENO"!
2024/12/14 (14:02:31) | ERROR: Couldn't determine terminal size of "STDOUT_FILENO"!
2024/12/14 (14:02:32) | ERROR: Couldn't determine terminal size of "STDOUT_FILENO"!
2024/12/14 (14:02:33) | ERROR: Couldn't determine terminal size of "STDOUT_FILENO"!
2024/12/14 (14:02:34) | ERROR: Couldn't determine terminal size of "STDOUT_FILENO"!
2024/12/14 (14:02:35) | ERROR: Couldn't determine terminal size of "STDOUT_FILENO"!
2024/12/14 (14:02:36) | ERROR: Couldn't determine terminal size of "STDOUT_FILENO"!
2024/12/14 (14:02:37) | ERROR: Couldn't determine terminal size of "STDOUT_FILENO"!
2024/12/14 (14:02:38) | ERROR: Couldn't determine terminal size of "STDOUT_FILENO"!
2024/12/14 (14:02:39) | ERROR: Couldn't determine terminal size of "STDOUT_FILENO"!
2024/12/14 (14:02:40) | ERROR: Couldn't determine terminal size of "STDOUT_FILENO"!
2024/12/14 (14:02:41) | ERROR: Couldn't determine terminal size of "STDOUT_FILENO"!
2024/12/14 (14:02:42) | ERROR: Couldn't determine terminal size of "STDOUT_FILENO"!
2024/12/14 (14:02:43) | ERROR: Couldn't determine terminal size of "STDOUT_FILENO"!
2024/12/14 (14:02:44) | ERROR: Couldn't determine terminal size of "STDOUT_FILENO"!
2024/12/14 (14:02:45) | ERROR: Couldn't determine terminal size of "STDOUT_FILENO"!
2024/12/14 (14:02:46) | ERROR: Couldn't determine terminal size of "STDOUT_FILENO"!
2024/12/14 (14:02:47) | ERROR: Couldn't determine terminal size of "STDOUT_FILENO"!
2024/12/14 (14:02:48) | ERROR: Couldn't determine terminal size of "STDOUT_FILENO"!
2024/12/14 (14:02:49) | ERROR: Couldn't determine terminal size of "STDOUT_FILENO"!
2024/12/14 (14:02:50) | ERROR: Couldn't determine terminal size of "STDOUT_FILENO"!
2024/12/14 (14:02:51) | ERROR: Couldn't determine terminal size of "STDOUT_FILENO"!
2024/12/14 (14:02:52) | ERROR: Couldn't determine terminal size of "STDOUT_FILENO"!
2024/12/14 (14:02:53) | ERROR: Couldn't determine terminal size of "STDOUT_FILENO"!
2024/12/14 (14:02:54) | ERROR: Couldn't determine terminal size of "STDOUT_FILENO"!
2024/12/14 (14:02:55) | ERROR: Couldn't determine terminal size of "STDOUT_FILENO"!
2024/12/14 (14:02:56) | ERROR: Couldn't determine terminal size of "STDOUT_FILENO"!
2024/12/14 (14:02:57) | ERROR: Couldn't determine terminal size of "STDOUT_FILENO"!
2024/12/14 (14:02:58) | ERROR: Couldn't determine terminal size of "STDOUT_FILENO"!
2024/12/14 (14:02:59) | ERROR: Couldn't determine terminal size of "STDOUT_FILENO"!
2024/12/14 (14:03:00) | ERROR: Couldn't determine terminal size of "STDOUT_FILENO"!
2024/12/14 (14:03:01) | ERROR: Couldn't determine terminal size of "STDOUT_FILENO"!
2024/12/14 (14:03:02) | ERROR: Couldn't determine terminal size of "STDOUT_FILENO"!
2024/12/14 (14:03:03) | ERROR: Couldn't determine terminal size of "STDOUT_FILENO"!
2024/12/14 (14:03:04) | ERROR: Couldn't determine terminal size of "STDOUT_FILENO"!
2024/12/14 (14:03:05) | ERROR: Couldn't determine terminal size of "STDOUT_FILENO"!
2024/12/14 (14:03:06) | ERROR: Couldn't determine terminal size of "STDOUT_FILENO"!
2024/12/14 (14:03:07) | ERROR: Couldn't determine terminal size of "STDOUT_FILENO"!
2024/12/14 (14:03:08) | ERROR: Couldn't determine terminal size of "STDOUT_FILENO"!
2024/12/14 (14:03:09) | ERROR: Couldn't determine terminal size of "STDOUT_FILENO"!
2024/12/14 (14:03:10) | ERROR: Couldn't determine terminal size of "STDOUT_FILENO"!
2024/12/14 (14:03:11) | ERROR: Couldn't determine terminal size of "STDOUT_FILENO"!
2024/12/14 (14:03:12) | ERROR: Couldn't determine terminal size of "STDOUT_FILENO"!
2024/12/14 (14:03:13) | ERROR: Couldn't determine terminal size of "STDOUT_FILENO"!
2024/12/14 (14:03:14) | ERROR: Couldn't determine terminal size of "STDOUT_FILENO"!
2024/12/14 (14:03:15) | ERROR: Couldn't determine terminal size of "STDOUT_FILENO"!
2024/12/14 (14:03:16) | ERROR: Couldn't determine terminal size of "STDOUT_FILENO"!
2024/12/14 (14:03:17) | ERROR: Couldn't determine terminal size of "STDOUT_FILENO"!
2024/12/14 (14:03:18) | ERROR: Couldn't determine terminal size of "STDOUT_FILENO"!
2024/12/14 (14:03:19) | ERROR: Couldn't determine terminal size of "STDOUT_FILENO"!
2024/12/14 (14:03:20) | ERROR: Couldn't determine terminal size of "STDOUT_FILENO"!
2024/12/14 (14:03:21) | ERROR: Couldn't determine terminal size of "STDOUT_FILENO"!
2024/12/14 (14:03:22) | ERROR: Couldn't determine terminal size of "STDOUT_FILENO"!
2024/12/14 (14:03:23) | ERROR: Couldn't determine terminal size of "STDOUT_FILENO"!
2024/12/14 (14:03:24) | ERROR: Couldn't determine terminal size of "STDOUT_FILENO"!
2024/12/14 (14:03:25) | ERROR: Couldn't determine terminal size of "STDOUT_FILENO"!
2024/12/14 (14:03:26) | ERROR: Couldn't determine terminal size of "STDOUT_FILENO"!
2024/12/14 (14:03:27) | ERROR: Couldn't determine terminal size of "STDOUT_FILENO"!
2024/12/14 (14:03:28) | ERROR: Couldn't determine terminal size of "STDOUT_FILENO"!
2024/12/14 (14:03:29) | ERROR: Couldn't determine terminal size of "STDOUT_FILENO"!
2024/12/14 (14:03:30) | ERROR: Couldn't determine terminal size of "STDOUT_FILENO"!
2024/12/14 (14:03:31) | ERROR: Couldn't determine terminal size of "STDOUT_FILENO"!
2024/12/14 (14:03:32) | ERROR: Couldn't determine terminal size of "STDOUT_FILENO"!
2024/12/14 (14:03:33) | ERROR: Couldn't determine terminal size of "STDOUT_FILENO"!
2024/12/14 (14:03:34) | ERROR: Couldn't determine terminal size of "STDOUT_FILENO"!
2024/12/14 (14:03:35) | ERROR: Couldn't determine terminal size of "STDOUT_FILENO"!
2024/12/14 (14:03:36) | ERROR: Couldn't determine terminal size of "STDOUT_FILENO"!
2024/12/14 (14:03:37) | ERROR: Couldn't determine terminal size of "STDOUT_FILENO"!
2024/12/14 (14:03:38) | ERROR: Couldn't determine terminal size of "STDOUT_FILENO"!
2024/12/14 (14:03:39) | ERROR: Couldn't determine terminal size of "STDOUT_FILENO"!
2024/12/14 (14:03:40) | ERROR: Couldn't determine terminal size of "STDOUT_FILENO"!
2024/12/14 (14:03:41) | ERROR: Couldn't determine terminal size of "STDOUT_FILENO"!
2024/12/14 (14:03:42) | ERROR: Couldn't determine terminal size of "STDOUT_FILENO"!
2024/12/14 (14:03:43) | ERROR: Couldn't determine terminal size of "STDOUT_FILENO"!
2024/12/14 (14:03:44) | ERROR: Couldn't determine terminal size of "STDOUT_FILENO"!
2024/12/14 (14:03:45) | ERROR: Couldn't determine terminal size of "STDOUT_FILENO"!
2024/12/14 (14:03:46) | ERROR: Couldn't determine terminal size of "STDOUT_FILENO"!
2024/12/14 (14:03:47) | ERROR: Couldn't determine terminal size of "STDOUT_FILENO"!
2024/12/14 (14:03:48) | ERROR: Couldn't determine terminal size of "STDOUT_FILENO"!
2024/12/14 (14:03:49) | ERROR: Couldn't determine terminal size of "STDOUT_FILENO"!
2024/12/14 (14:03:50) | ERROR: Couldn't determine terminal size of "STDOUT_FILENO"!
2024/12/14 (14:03:51) | ERROR: Couldn't determine terminal size of "STDOUT_FILENO"!
2024/12/14 (14:03:52) | ERROR: Couldn't determine terminal size of "STDOUT_FILENO"!
2024/12/14 (14:03:53) | ERROR: Couldn't determine terminal size of "STDOUT_FILENO"!
2024/12/14 (14:03:54) | ERROR: Couldn't determine terminal size of "STDOUT_FILENO"!
2024/12/14 (14:03:55) | ERROR: Couldn't determine terminal size of "STDOUT_FILENO"!
2024/12/14 (14:03:56) | ERROR: Couldn't determine terminal size of "STDOUT_FILENO"!
2024/12/14 (14:03:57) | ERROR: Couldn't determine terminal size of "STDOUT_FILENO"!
2024/12/14 (14:03:58) | ERROR: Couldn't determine terminal size of "STDOUT_FILENO"!
2024/12/14 (14:03:59) | ERROR: Couldn't determine terminal size of "STDOUT_FILENO"!
2024/12/14 (14:04:00) | ERROR: Couldn't determine terminal size of "STDOUT_FILENO"!
2024/12/14 (14:04:01) | ERROR: Couldn't determine terminal size of "STDOUT_FILENO"!
2024/12/14 (14:04:02) | ERROR: Couldn't determine terminal size of "STDOUT_FILENO"!
2024/12/14 (14:04:03) | ERROR: Couldn't determine terminal size of "STDOUT_FILENO"!
2024/12/14 (14:04:04) | ERROR: Couldn't determine terminal size of "STDOUT_FILENO"!
2024/12/14 (14:04:05) | ERROR: Couldn't determine terminal size of "STDOUT_FILENO"!
2024/12/14 (14:04:06) | ERROR: Couldn't determine terminal size of "STDOUT_FILENO"!
2024/12/14 (14:04:07) | ERROR: Couldn't determine terminal size of "STDOUT_FILENO"!
2024/12/14 (14:04:08) | ERROR: Couldn't determine terminal size of "STDOUT_FILENO"!
2024/12/14 (14:04:09) | ERROR: Couldn't determine terminal size of "STDOUT_FILENO"!
2024/12/14 (14:04:10) | ERROR: Couldn't determine terminal size of "STDOUT_FILENO"!
2024/12/14 (14:04:11) | ERROR: Couldn't determine terminal size of "STDOUT_FILENO"!
2024/12/14 (14:04:12) | ERROR: Couldn't determine terminal size of "STDOUT_FILENO"!
2024/12/14 (14:04:13) | ERROR: Couldn't determine terminal size of "STDOUT_FILENO"!
2024/12/14 (14:04:14) | ERROR: Couldn't determine terminal size of "STDOUT_FILENO"!
2024/12/14 (14:04:15) | ERROR: Couldn't determine terminal size of "STDOUT_FILENO"!
2024/12/14 (14:04:16) | ERROR: Couldn't determine terminal size of "STDOUT_FILENO"!
2024/12/14 (14:04:17) | ERROR: Couldn't determine terminal size of "STDOUT_FILENO"!
2024/12/14 (14:04:18) | ERROR: Couldn't determine terminal size of "STDOUT_FILENO"!
2024/12/14 (14:04:19) | ERROR: Couldn't determine terminal size of "STDOUT_FILENO"!
2024/12/14 (14:04:20) | ERROR: Couldn't determine terminal size of "STDOUT_FILENO"!
2024/12/14 (14:04:21) | ERROR: Couldn't determine terminal size of "STDOUT_FILENO"!
2024/12/14 (14:04:22) | ERROR: Couldn't determine terminal size of "STDOUT_FILENO"!
2024/12/14 (14:04:23) | ERROR: Couldn't determine terminal size of "STDOUT_FILENO"!
2024/12/14 (14:04:24) | ERROR: Couldn't determine terminal size of "STDOUT_FILENO"!
2024/12/14 (14:04:25) | ERROR: Couldn't determine terminal size of "STDOUT_FILENO"!
2024/12/14 (14:04:26) | ERROR: Couldn't determine terminal size of "STDOUT_FILENO"!
2024/12/14 (14:04:27) | ERROR: Couldn't determine terminal size of "STDOUT_FILENO"!
2024/12/14 (14:04:28) | ERROR: Couldn't determine terminal size of "STDOUT_FILENO"!
2024/12/14 (14:04:29) | ERROR: Couldn't determine terminal size of "STDOUT_FILENO"!
2024/12/14 (14:04:30) | ERROR: Couldn't determine terminal size of "STDOUT_FILENO"!
2024/12/14 (14:04:31) | ERROR: Couldn't determine terminal size of "STDOUT_FILENO"!
2024/12/14 (14:04:32) | ERROR: Couldn't determine terminal size of "STDOUT_FILENO"!
2024/12/14 (14:04:33) | ERROR: Couldn't determine terminal size of "STDOUT_FILENO"!
2024/12/14 (14:04:34) | ERROR: Couldn't determine terminal size of "STDOUT_FILENO"!
2024/12/14 (14:04:35) | ERROR: Couldn't determine terminal size of "STDOUT_FILENO"!
2024/12/14 (14:04:36) | ERROR: Couldn't determine terminal size of "STDOUT_FILENO"!
2024/12/14 (14:04:37) | ERROR: Couldn't determine terminal size of "STDOUT_FILENO"!
2024/12/14 (14:04:38) | ERROR: Couldn't determine terminal size of "STDOUT_FILENO"!
2024/12/14 (14:04:39) | ERROR: Couldn't determine terminal size of "STDOUT_FILENO"!
2024/12/14 (14:04:40) | ERROR: Couldn't determine terminal size of "STDOUT_FILENO"!
2024/12/14 (14:04:41) | ERROR: Couldn't determine terminal size of "STDOUT_FILENO"!
2024/12/14 (14:04:42) | ERROR: Couldn't determine terminal size of "STDOUT_FILENO"!
2024/12/14 (14:04:43) | ERROR: Couldn't determine terminal size of "STDOUT_FILENO"!
2024/12/14 (14:04:44) | ERROR: Couldn't determine terminal size of "STDOUT_FILENO"!
2024/12/14 (14:04:45) | ERROR: Couldn't determine terminal size of "STDOUT_FILENO"!
2024/12/14 (14:04:46) | ERROR: Couldn't determine terminal size of "STDOUT_FILENO"!
2024/12/14 (14:04:47) | ERROR: Couldn't determine terminal size of "STDOUT_FILENO"!
2024/12/14 (14:04:48) | ERROR: Couldn't determine terminal size of "STDOUT_FILENO"!
2024/12/14 (14:04:49) | ERROR: Couldn't determine terminal size of "STDOUT_FILENO"!
2024/12/14 (14:04:50) | ERROR: Couldn't determine terminal size of "STDOUT_FILENO"!
2024/12/14 (14:04:51) | ERROR: Couldn't determine terminal size of "STDOUT_FILENO"!
2024/12/14 (14:04:52) | ERROR: Couldn't determine terminal size of "STDOUT_FILENO"!
2024/12/14 (14:04:53) | ERROR: Couldn't determine terminal size of "STDOUT_FILENO"!
2024/12/14 (14:04:54) | ERROR: Couldn't determine terminal size of "STDOUT_FILENO"!
2024/12/14 (14:04:55) | ERROR: Couldn't determine terminal size of "STDOUT_FILENO"!
2024/12/14 (14:04:56) | ERROR: Couldn't determine terminal size of "STDOUT_FILENO"!
2024/12/14 (14:04:57) | ERROR: Couldn't determine terminal size of "STDOUT_FILENO"!
2024/12/14 (14:04:58) | ERROR: Couldn't determine terminal size of "STDOUT_FILENO"!
2024/12/14 (14:04:59) | ERROR: Couldn't determine terminal size of "STDOUT_FILENO"!
2024/12/14 (14:05:00) | ERROR: Couldn't determine terminal size of "STDOUT_FILENO"!
2024/12/14 (14:05:01) | ERROR: Couldn't determine terminal size of "STDOUT_FILENO"!
2024/12/14 (14:05:02) | ERROR: Couldn't determine terminal size of "STDOUT_FILENO"!
2024/12/14 (14:05:03) | ERROR: Couldn't determine terminal size of "STDOUT_FILENO"!
2024/12/14 (14:05:04) | ERROR: Couldn't determine terminal size of "STDOUT_FILENO"!

2024/12/14 (14:05:29) | ===> btop++ v.1.4.0
2024/12/14 (14:05:29) | WARNING: NVML: Failed to get GPU power usage: Not Supported

2024/12/14 (14:05:42) | ===> btop++ v.1.4.0
2024/12/14 (14:05:42) | WARNING: NVML: Failed to get GPU power usage: Not Supported

2024/12/14 (14:06:09) | ===> btop++ v.1.4.0
2024/12/14 (14:06:09) | WARNING: NVML: Failed to get GPU power usage: Not Supported

2024/12/16 (08:54:52) | ===> btop++ v.1.4.0
2024/12/16 (08:54:52) | WARNING: NVML: Failed to get GPU power usage: Not Supported

2024/12/16 (09:05:43) | ===> btop++ v.1.4.0
2024/12/16 (09:05:43) | WARNING: NVML: Failed to get GPU power usage: Not Supported

2024/12/16 (09:07:12) | ===> btop++ v.1.4.0
2024/12/16 (09:07:12) | WARNING: NVML: Failed to get GPU power usage: Not Supported

2024/12/16 (10:02:18) | ===> btop++ v.1.4.0
2024/12/16 (10:02:18) | WARNING: NVML: Failed to get GPU power usage: Not Supported

2024/12/16 (10:10:30) | ===> btop++ v.1.4.0
2024/12/16 (10:10:30) | WARNING: NVML: Failed to get GPU power usage: Not Supported

2024/12/16 (10:11:28) | ===> btop++ v.1.4.0
2024/12/16 (10:11:28) | WARNING: NVML: Failed to get GPU power usage: Not Supported

2024/12/16 (10:12:19) | ===> btop++ v.1.4.0
2024/12/16 (10:12:19) | WARNING: NVML: Failed to get GPU power usage: Not Supported

2024/12/16 (10:29:31) | ===> btop++ v.1.4.0
2024/12/16 (10:29:31) | WARNING: NVML: Failed to get GPU power usage: Not Supported

2024/12/16 (15:39:39) | ===> btop++ v.1.4.0
2024/12/16 (15:39:39) | WARNING: NVML: Failed to get GPU power usage: Not Supported

2024/12/16 (15:44:15) | ===> btop++ v.1.4.0
2024/12/16 (15:44:15) | WARNING: NVML: Failed to get GPU power usage: Not Supported

2024/12/17 (09:01:15) | ===> btop++ v.1.4.0
2024/12/17 (09:01:15) | WARNING: NVML: Failed to get GPU power usage: Not Supported

2024/12/17 (09:27:38) | ===> btop++ v.1.4.0
2024/12/17 (09:27:38) | WARNING: NVML: Failed to get GPU power usage: Not Supported

2024/12/17 (10:08:30) | ===> btop++ v.1.4.0
2024/12/17 (10:08:30) | WARNING: NVML: Failed to get GPU power usage: Not Supported

2024/12/17 (15:10:38) | ===> btop++ v.1.4.0
2024/12/17 (15:10:38) | WARNING: NVML: Failed to get GPU power usage: Not Supported

2024/12/17 (15:28:13) | ===> btop++ v.1.4.0
2024/12/17 (15:28:13) | WARNING: NVML: Failed to get GPU power usage: Not Supported

2024/12/17 (15:28:23) | ===> btop++ v.1.4.0
2024/12/17 (15:28:23) | WARNING: NVML: Failed to get GPU power usage: Not Supported

2024/12/17 (15:51:17) | ===> btop++ v.1.4.0
2024/12/17 (15:51:17) | WARNING: NVML: Failed to get GPU power usage: Not Supported

2024/12/17 (17:59:07) | ===> btop++ v.1.4.0
2024/12/17 (17:59:07) | WARNING: NVML: Failed to get GPU power usage: Not Supported

2024/12/18 (08:55:36) | ===> btop++ v.1.4.0
2024/12/18 (08:55:36) | WARNING: NVML: Failed to get GPU power usage: Not Supported

2024/12/18 (08:57:39) | ===> btop++ v.1.4.0
2024/12/18 (08:57:39) | WARNING: NVML: Failed to get GPU power usage: Not Supported

2024/12/18 (10:49:53) | ===> btop++ v.1.4.0
2024/12/18 (10:49:53) | WARNING: NVML: Failed to get GPU power usage: Not Supported

2024/12/18 (11:42:04) | ===> btop++ v.1.4.0
2024/12/18 (11:42:04) | WARNING: NVML: Failed to get GPU power usage: Not Supported

2024/12/18 (14:36:14) | ===> btop++ v.1.4.0
2024/12/18 (14:36:14) | WARNING: NVML: Failed to get GPU power usage: Not Supported

2024/12/18 (15:58:43) | ===> btop++ v.1.4.0
2024/12/18 (15:58:43) | WARNING: NVML: Failed to get GPU power usage: Not Supported

2024/12/20 (09:17:11) | ===> btop++ v.1.4.0
2024/12/20 (09:17:11) | WARNING: NVML: Failed to get GPU power usage: Not Supported

2024/12/20 (11:55:01) | ===> btop++ v.1.4.0
2024/12/20 (11:55:01) | WARNING: NVML: Failed to get GPU power usage: Not Supported

2024/12/20 (15:15:59) | ===> btop++ v.1.4.0
2024/12/20 (15:15:59) | WARNING: NVML: Failed to get GPU power usage: Not Supported

2024/12/20 (15:25:34) | ===> btop++ v.1.4.0
2024/12/20 (15:25:34) | WARNING: NVML: Failed to get GPU power usage: Not Supported

2024/12/23 (10:33:29) | ===> btop++ v.1.4.0
2024/12/23 (10:33:29) | WARNING: NVML: Failed to get GPU power usage: Not Supported

2024/12/23 (10:36:35) | ===> btop++ v.1.4.0
2024/12/23 (10:36:35) | WARNING: NVML: Failed to get GPU power usage: Not Supported

2024/12/23 (16:34:25) | ===> btop++ v.1.4.0
2024/12/23 (16:34:25) | WARNING: NVML: Failed to get GPU power usage: Not Supported
